<?xml version="1.0" encoding="UTF-8"?>
<!-- Generated by org.testng.reporters.JUnitReportReporter -->
<testsuite skipped="0" hostname="Arun-PC" name="testNg.Teest" tests="1" failures="0" timestamp="23 Feb 2020 13:25:34 GMT" time="69.542" errors="0">
  <testcase name="thirdTest" time="69.542" classname="testNg.Teest"/>
</testsuite> <!-- testNg.Teest -->
