<?xml version="1.0" encoding="UTF-8"?>
<!-- Generated by org.testng.reporters.JUnitReportReporter -->
<testsuite skipped="0" hostname="Arun-PC" name="testNg.Gmail_Testng" tests="4" failures="0" timestamp="22 Feb 2020 14:50:40 GMT" time="99.089" errors="0">
  <testcase name="casE" time="16.534" classname="testNg.Gmail_Testng"/>
  <testcase name="casE" time="23.940" classname="testNg.Gmail_Testng"/>
  <testcase name="casE" time="32.918" classname="testNg.Gmail_Testng"/>
  <testcase name="casE" time="25.697" classname="testNg.Gmail_Testng"/>
</testsuite> <!-- testNg.Gmail_Testng -->
