<?xml version="1.0" encoding="UTF-8"?>
<!-- Generated by org.testng.reporters.JUnitReportReporter -->
<testsuite skipped="1" hostname="Arun-PC" name="testCases.TC004_EditLead" tests="1" failures="0" timestamp="05 Jan 2020 07:04:01 GMT" time="0.000" errors="0">
  <testcase name="editLead" time="0.000" classname="testCases.TC004_EditLead">
    <skipped/>
  </testcase> <!-- editLead -->
</testsuite> <!-- testCases.TC004_EditLead -->
