<?xml version="1.0" encoding="UTF-8"?>
<!-- Generated by org.testng.reporters.JUnitReportReporter -->
<testsuite skipped="0" hostname="Arun-PC" name="week6.Excelogin" tests="1" failures="0" timestamp="22 Feb 2020 08:00:44 GMT" time="2.736" errors="0">
  <testcase name="excelLogin" time="2.736" classname="week6.Excelogin"/>
</testsuite> <!-- week6.Excelogin -->
