<?xml version="1.0" encoding="UTF-8"?>
<!-- Generated by org.testng.reporters.JUnitReportReporter -->
<testsuite skipped="0" hostname="Arun-PC" name="reports.CreateLeadSample" tests="1" failures="0" timestamp="28 Jul 2018 18:33:27 GMT" time="29.828" errors="0">
  <testcase name="createLead" time="29.828" classname="reports.CreateLeadSample"/>
</testsuite> <!-- reports.CreateLeadSample -->
