<?xml version="1.0" encoding="UTF-8"?>
<!-- Generated by org.testng.reporters.JUnitReportReporter -->
<testsuite skipped="1" hostname="Arun-PC" name="testCases.TC006_DuplicateLead" tests="1" failures="0" timestamp="05 Jan 2020 07:04:01 GMT" time="0.000" errors="0">
  <testcase name="duplicateLead" time="0.000" classname="testCases.TC006_DuplicateLead">
    <skipped/>
  </testcase> <!-- duplicateLead -->
</testsuite> <!-- testCases.TC006_DuplicateLead -->
