<?xml version="1.0" encoding="UTF-8"?>
<!-- Generated by org.testng.reporters.JUnitReportReporter -->
<testsuite skipped="1" hostname="Arun-PC" name="reports.DeleteLead" tests="1" failures="0" timestamp="28 Jul 2018 18:33:27 GMT" time="0.000" errors="0">
  <testcase name="delete" time="0.000" classname="reports.DeleteLead">
    <skipped/>
  </testcase> <!-- delete -->
</testsuite> <!-- reports.DeleteLead -->
