<?xml version="1.0" encoding="UTF-8"?>
<!-- Generated by org.testng.reporters.JUnitReportReporter -->
<testsuite skipped="0" hostname="Arun-PC" name="testNg.Samples_test" tests="4" failures="0" timestamp="15 Feb 2020 12:43:42 GMT" time="0.050" errors="0">
  <testcase name="casE2" time="0.010" classname="testNg.Samples_test"/>
  <testcase name="casE2" time="0.040" classname="testNg.Samples_test"/>
  <testcase name="casE3" time="0.000" classname="testNg.Samples_test"/>
  <testcase name="casE" time="0.000" classname="testNg.Samples_test"/>
</testsuite> <!-- testNg.Samples_test -->
