<?xml version="1.0" encoding="UTF-8"?>
<!-- Generated by org.testng.reporters.JUnitReportReporter -->
<testsuite skipped="1" hostname="Arun-PC" name="testCases.TC005_DeleteLead" tests="1" failures="0" timestamp="05 Jan 2020 07:04:01 GMT" time="0.000" errors="0">
  <testcase name="deleteLead" time="0.000" classname="testCases.TC005_DeleteLead">
    <skipped/>
  </testcase> <!-- deleteLead -->
</testsuite> <!-- testCases.TC005_DeleteLead -->
