<?xml version="1.0" encoding="UTF-8"?>
<!-- Generated by org.testng.reporters.JUnitReportReporter -->
<testsuite skipped="1" hostname="Arun-PC" name="reports.CreateLead" tests="1" failures="0" timestamp="28 Jul 2018 18:33:27 GMT" time="0.000" errors="0">
  <testcase name="createLead" time="0.000" classname="reports.CreateLead">
    <skipped/>
  </testcase> <!-- createLead -->
</testsuite> <!-- reports.CreateLead -->
