<?xml version="1.0" encoding="UTF-8"?>
<!-- Generated by org.testng.reporters.JUnitReportReporter -->
<testsuite skipped="1" hostname="Arun-PC" name="reports.MergeLead" tests="1" failures="0" timestamp="28 Jul 2018 18:33:27 GMT" time="0.000" errors="0">
  <testcase name="LeadMerge" time="0.000" classname="reports.MergeLead">
    <skipped/>
  </testcase> <!-- LeadMerge -->
</testsuite> <!-- reports.MergeLead -->
